<?xml version="1.0" encoding="UTF-8"?>
<!-- Generated by org.testng.reporters.JUnitReportReporter -->
<testsuite skipped="3" hostname="EGDM1-AMounir" name="tests.ProductSetupAfterRepPlan" tests="3" failures="0" timestamp="04 Aug 2019 15:27:17 GMT" time="0.000" errors="0">
  <testcase name="SaveProductSetup" time="0.000" classname="tests.ProductSetupAfterRepPlan">
    <skipped/>
  </testcase> <!-- SaveProductSetup -->
  <testcase name="FillData" time="0.000" classname="tests.ProductSetupAfterRepPlan">
    <skipped/>
  </testcase> <!-- FillData -->
  <testcase name="PostButton" time="0.000" classname="tests.ProductSetupAfterRepPlan">
    <skipped/>
  </testcase> <!-- PostButton -->
</testsuite> <!-- tests.ProductSetupAfterRepPlan -->
