<?xml version="1.0" encoding="UTF-8"?>
<!-- Generated by org.testng.reporters.JUnitReportReporter -->
<testsuite skipped="0" hostname="EGDM1-AMounir" name="tests.CRUDTest.IDTypesCRUDTest" tests="5" failures="0" timestamp="29 Aug 2019 09:16:23 GMT" time="56.462" errors="0">
  <testcase name="CheckSaveTestCase" time="19.250" classname="tests.CRUDTest.IDTypesCRUDTest"/>
  <testcase name="checkUpdateTestCase" time="5.331" classname="tests.CRUDTest.IDTypesCRUDTest"/>
  <testcase name="checkDeleteTestCase" time="2.168" classname="tests.CRUDTest.IDTypesCRUDTest"/>
  <testcase name="checkFilterArea" time="27.214" classname="tests.CRUDTest.IDTypesCRUDTest"/>
  <testcase name="checkRetrieveAllAndPaging" time="2.499" classname="tests.CRUDTest.IDTypesCRUDTest"/>
</testsuite> <!-- tests.CRUDTest.IDTypesCRUDTest -->
