<?xml version="1.0" encoding="UTF-8"?>
<!-- Generated by org.testng.reporters.JUnitReportReporter -->
<testsuite skipped="0" hostname="EGDM1-AMounir" name="tests.MonthlyAtLastDayTest" tests="6" failures="0" timestamp="08 Jul 2019 09:19:08 GMT" time="74.530" errors="0">
  <testcase name="fillRepaymentsOptionsData" time="0.714" classname="tests.MonthlyAtLastDayTest"/>
  <testcase name="CheckLogin" time="1.493" classname="tests.MonthlyAtLastDayTest"/>
  <testcase name="fillProfitRateData" time="0.585" classname="tests.MonthlyAtLastDayTest"/>
  <testcase name="fillIntervalsDataWithLastDay" time="48.836" classname="tests.MonthlyAtLastDayTest"/>
  <testcase name="OpenRepaymentPlanModule" time="3.172" classname="tests.MonthlyAtLastDayTest"/>
  <testcase name="fillRepaymentPlanMasterData" time="19.730" classname="tests.MonthlyAtLastDayTest"/>
</testsuite> <!-- tests.MonthlyAtLastDayTest -->
