<?xml version="1.0" encoding="UTF-8"?>
<!-- Generated by org.testng.reporters.JUnitReportReporter -->
<testsuite skipped="0" hostname="EGDM1-ABaiomy" name="tests.CRUDTest.CORPORATEFINANCIERSCRUDTest" tests="3" failures="0" timestamp="10 Sep 2019 09:33:01 GMT" time="54.833" errors="0">
  <testcase name="checkFilterArea" time="47.998" classname="tests.CRUDTest.CORPORATEFINANCIERSCRUDTest"/>
  <testcase name="CheckLogin" time="0.659" classname="tests.CRUDTest.CORPORATEFINANCIERSCRUDTest"/>
  <testcase name="checkRetrieveAllAndPaging" time="6.176" classname="tests.CRUDTest.CORPORATEFINANCIERSCRUDTest"/>
</testsuite> <!-- tests.CRUDTest.CORPORATEFINANCIERSCRUDTest -->
