<?xml version="1.0" encoding="UTF-8"?>
<!-- Generated by org.testng.reporters.JUnitReportReporter -->
<testsuite skipped="0" hostname="EGDM1-ABaiomy" name="tests.CRUDTest.CustomerTitlesCRUDTest" tests="6" failures="0" timestamp="22 Sep 2019 09:05:29 GMT" time="73.924" errors="0">
  <testcase name="CheckSaveTestCase" time="22.318" classname="tests.CRUDTest.CustomerTitlesCRUDTest"/>
  <testcase name="checkRetrieveAllAndPaging" time="2.383" classname="tests.CRUDTest.CustomerTitlesCRUDTest"/>
  <testcase name="checkDeleteTestCase" time="6.204" classname="tests.CRUDTest.CustomerTitlesCRUDTest"/>
  <testcase name="CheckLogin" time="1.740" classname="tests.CRUDTest.CustomerTitlesCRUDTest"/>
  <testcase name="checkUpdateTestCase" time="10.738" classname="tests.CRUDTest.CustomerTitlesCRUDTest"/>
  <testcase name="checkFilterArea" time="30.541" classname="tests.CRUDTest.CustomerTitlesCRUDTest"/>
</testsuite> <!-- tests.CRUDTest.CustomerTitlesCRUDTest -->
