<?xml version="1.0" encoding="UTF-8"?>
<!-- Generated by org.testng.reporters.JUnitReportReporter -->
<testsuite skipped="0" hostname="EGDM1-ABaiomy" name="tests.ProductSetupTest" tests="2" failures="0" timestamp="20 Mar 2019 15:58:13 GMT" time="131.091" errors="0">
  <testcase name="FillData" time="130.425" classname="tests.ProductSetupTest"/>
  <testcase name="CheckLogin" time="0.666" classname="tests.ProductSetupTest"/>
</testsuite> <!-- tests.ProductSetupTest -->
