<?xml version="1.0" encoding="UTF-8"?>
<!-- Generated by org.testng.reporters.JUnitReportReporter -->
<testsuite skipped="0" hostname="EGDM1-AMounir" name="tests.RetailMurabahaTest" tests="4" failures="0" timestamp="21 Mar 2019 11:09:18 GMT" time="57.396" errors="0">
  <testcase name="CheckLogin" time="1.053" classname="tests.RetailMurabahaTest"/>
  <testcase name="CheckOpenRetailMurabah" time="28.455" classname="tests.RetailMurabahaTest"/>
  <testcase name="CheckInsertAllMandatoryFields" time="27.493" classname="tests.RetailMurabahaTest"/>
  <testcase name="CheckSaveRetailMurabaha" time="0.395" classname="tests.RetailMurabahaTest"/>
</testsuite> <!-- tests.RetailMurabahaTest -->
