<?xml version="1.0" encoding="UTF-8"?>
<!-- Generated by org.testng.reporters.JUnitReportReporter -->
<testsuite skipped="0" hostname="EGDM1-AMounir" name="tests.MonthlyDependOnTransaction" tests="6" failures="0" timestamp="08 Jul 2019 09:22:52 GMT" time="74.394" errors="0">
  <testcase name="fillIntervalsDataWithSpecificDay" time="48.742" classname="tests.MonthlyDependOnTransaction"/>
  <testcase name="fillRepaymentPlanMasterData" time="19.554" classname="tests.MonthlyDependOnTransaction"/>
  <testcase name="fillRepaymentsOptionsData" time="0.682" classname="tests.MonthlyDependOnTransaction"/>
  <testcase name="CheckLogin" time="0.671" classname="tests.MonthlyDependOnTransaction"/>
  <testcase name="fillProfitRateData" time="1.330" classname="tests.MonthlyDependOnTransaction"/>
  <testcase name="OpenRepaymentPlanModule" time="3.415" classname="tests.MonthlyDependOnTransaction"/>
</testsuite> <!-- tests.MonthlyDependOnTransaction -->
