<?xml version="1.0" encoding="UTF-8"?>
<!-- Generated by org.testng.reporters.JUnitReportReporter -->
<testsuite skipped="0" hostname="EGDM1-MEMAD" name="tests.ProductSetupAfterRepPlan" tests="3" failures="0" timestamp="01 Jul 2019 12:19:19 GMT" time="70.874" errors="0">
  <testcase name="SaveProductSetup" time="5.146" classname="tests.ProductSetupAfterRepPlan"/>
  <testcase name="FillData" time="65.576" classname="tests.ProductSetupAfterRepPlan"/>
  <testcase name="PostButton" time="0.152" classname="tests.ProductSetupAfterRepPlan"/>
</testsuite> <!-- tests.ProductSetupAfterRepPlan -->
