<?xml version="1.0" encoding="UTF-8"?>
<!-- Generated by org.testng.reporters.JUnitReportReporter -->
<testsuite skipped="0" hostname="EGDM1-AMounir" name="tests.RetailMurabahaTest" tests="4" failures="0" timestamp="19 Mar 2019 08:07:55 GMT" time="64.833" errors="0">
  <testcase name="CheckLogin" time="0.916" classname="tests.RetailMurabahaTest"/>
  <testcase name="CheckOpenRetailMurabah" time="25.901" classname="tests.RetailMurabahaTest"/>
  <testcase name="CheckInsertAllMandatoryFields" time="37.562" classname="tests.RetailMurabahaTest"/>
  <testcase name="CheckSaveRetailMurabaha" time="0.454" classname="tests.RetailMurabahaTest"/>
</testsuite> <!-- tests.RetailMurabahaTest -->
