<?xml version="1.0" encoding="UTF-8"?>
<!-- Generated by org.testng.reporters.JUnitReportReporter -->
<testsuite skipped="4" hostname="EGDM1-MEMAD" name="tests.RetailMurabahaTest" tests="4" failures="0" timestamp="17 Apr 2019 10:50:58 GMT" time="0.000" errors="0">
  <testcase name="RequestForApprove" time="0.000" classname="tests.RetailMurabahaTest">
    <skipped/>
  </testcase> <!-- RequestForApprove -->
  <testcase name="CheckOpenRetailMurabah" time="0.000" classname="tests.RetailMurabahaTest">
    <skipped/>
  </testcase> <!-- CheckOpenRetailMurabah -->
  <testcase name="CheckSaveRetailMurabaha" time="0.000" classname="tests.RetailMurabahaTest">
    <skipped/>
  </testcase> <!-- CheckSaveRetailMurabaha -->
  <testcase name="CheckInsertAllMandatoryFields" time="0.000" classname="tests.RetailMurabahaTest">
    <skipped/>
  </testcase> <!-- CheckInsertAllMandatoryFields -->
</testsuite> <!-- tests.RetailMurabahaTest -->
