<?xml version="1.0" encoding="UTF-8"?>
<!-- Generated by org.testng.reporters.JUnitReportReporter -->
<testsuite skipped="0" hostname="EGDM1-MEMAD" name="tests.LoginTest" tests="1" failures="0" timestamp="17 Jun 2019 08:09:06 GMT" time="0.716" errors="0">
  <testcase name="CheckLogin" time="0.716" classname="tests.LoginTest"/>
</testsuite> <!-- tests.LoginTest -->
