<?xml version="1.0" encoding="UTF-8"?>
<!-- Generated by org.testng.reporters.JUnitReportReporter -->
<testsuite skipped="0" hostname="EGDM1-AMounir" name="tests.MonthlySpecificDayTest" tests="6" failures="0" timestamp="08 Jul 2019 09:13:02 GMT" time="72.268" errors="0">
  <testcase name="fillRepaymentsOptionsData" time="1.500" classname="tests.MonthlySpecificDayTest"/>
  <testcase name="fillIntervalsDataWithLastDay" time="43.066" classname="tests.MonthlySpecificDayTest"/>
  <testcase name="CheckLogin" time="0.709" classname="tests.MonthlySpecificDayTest"/>
  <testcase name="fillProfitRateData" time="0.628" classname="tests.MonthlySpecificDayTest"/>
  <testcase name="OpenRepaymentPlanModule" time="6.958" classname="tests.MonthlySpecificDayTest"/>
  <testcase name="fillRepaymentPlanMasterData" time="19.407" classname="tests.MonthlySpecificDayTest"/>
</testsuite> <!-- tests.MonthlySpecificDayTest -->
