<?xml version="1.0" encoding="UTF-8"?>
<!-- Generated by org.testng.reporters.JUnitReportReporter -->
<testsuite skipped="0" hostname="EGDM1-AMounir" name="tests.CRUDTest.CustomerScoringAttributesCRUDTest" tests="5" failures="0" timestamp="29 Aug 2019 09:16:23 GMT" time="64.517" errors="0">
  <testcase name="checkRetrieveAllAndPaging" time="2.517" classname="tests.CRUDTest.CustomerScoringAttributesCRUDTest"/>
  <testcase name="checkDeleteTestCase" time="6.266" classname="tests.CRUDTest.CustomerScoringAttributesCRUDTest"/>
  <testcase name="CheckSaveTestCase" time="22.144" classname="tests.CRUDTest.CustomerScoringAttributesCRUDTest"/>
  <testcase name="checkFilterArea" time="22.430" classname="tests.CRUDTest.CustomerScoringAttributesCRUDTest"/>
  <testcase name="checkUpdateTestCase" time="11.160" classname="tests.CRUDTest.CustomerScoringAttributesCRUDTest"/>
</testsuite> <!-- tests.CRUDTest.CustomerScoringAttributesCRUDTest -->
