<?xml version="1.0" encoding="UTF-8"?>
<!-- Generated by org.testng.reporters.JUnitReportReporter -->
<testsuite skipped="0" hostname="EGDM1-ABaiomy" name="tests.ProductSetupTest" tests="3" failures="0" timestamp="24 Mar 2019 09:51:13 GMT" time="144.748" errors="0">
  <testcase name="FillData" time="138.324" classname="tests.ProductSetupTest"/>
  <testcase name="CheckLogin" time="0.705" classname="tests.ProductSetupTest"/>
  <testcase name="SaveProductSetup" time="5.719" classname="tests.ProductSetupTest"/>
</testsuite> <!-- tests.ProductSetupTest -->
