<?xml version="1.0" encoding="UTF-8"?>
<!-- Generated by org.testng.reporters.JUnitReportReporter -->
<testsuite hostname="EGDM1-MEMAD" failures="0" tests="1" name="tests.SearchProductUsingAutoSuggestTest" time="28.531" errors="0" timestamp="13 Feb 2019 10:32:33 GMT" skipped="0">
  <testcase classname="tests.SearchProductUsingAutoSuggestTest" name="CheckAutoComplete" time="28.531"/>
</testsuite> <!-- tests.SearchProductUsingAutoSuggestTest -->
