<?xml version="1.0" encoding="UTF-8"?>
<!-- Generated by org.testng.reporters.JUnitReportReporter -->
<testsuite skipped="0" hostname="EGDM1-AMounir" name="tests.LoginTest" tests="1" failures="0" timestamp="13 Aug 2019 11:18:33 GMT" time="0.407" errors="0">
  <testcase name="CheckLogin" time="0.407" classname="tests.LoginTest"/>
</testsuite> <!-- tests.LoginTest -->
