<?xml version="1.0" encoding="UTF-8"?>
<!-- Generated by org.testng.reporters.JUnitReportReporter -->
<testsuite skipped="0" hostname="EGDM1-AMounir" name="tests.RepaymentPlanTemplatesTest" tests="6" failures="0" timestamp="09 Jun 2019 08:37:15 GMT" time="71.548" errors="0">
  <testcase name="CheckLogin" time="5.287" classname="tests.RepaymentPlanTemplatesTest"/>
  <testcase name="OpenRepaymentPlanModule" time="7.723" classname="tests.RepaymentPlanTemplatesTest"/>
  <testcase name="fillRepaymentPlanMasterData" time="20.497" classname="tests.RepaymentPlanTemplatesTest"/>
  <testcase name="fillRepaymentsOptionsData" time="0.707" classname="tests.RepaymentPlanTemplatesTest"/>
  <testcase name="fillProfitRateData" time="0.622" classname="tests.RepaymentPlanTemplatesTest"/>
  <testcase name="fillIntervalsDataWithLastDay" time="36.712" classname="tests.RepaymentPlanTemplatesTest"/>
</testsuite> <!-- tests.RepaymentPlanTemplatesTest -->
