<?xml version="1.0" encoding="UTF-8"?>
<!-- Generated by org.testng.reporters.JUnitReportReporter -->
<testsuite skipped="0" hostname="EGDM1-AMounir" name="tests.BusinessRulesTest" tests="3" failures="0" timestamp="26 Mar 2019 10:49:07 GMT" time="59.263" errors="0">
  <testcase name="CheckLogin" time="3.718" classname="tests.BusinessRulesTest"/>
  <testcase name="OpenBusinessRules" time="49.000" classname="tests.BusinessRulesTest"/>
  <testcase name="SaveBusinessRules" time="6.545" classname="tests.BusinessRulesTest"/>
</testsuite> <!-- tests.BusinessRulesTest -->
