<?xml version="1.0" encoding="UTF-8"?>
<!-- Generated by org.testng.reporters.JUnitReportReporter -->
<testsuite hostname="EGDM1-MEMAD" failures="0" tests="1" name="tests.SearchProductTest" time="3.854" errors="0" timestamp="11 Feb 2019 18:57:26 GMT" skipped="0">
  <testcase classname="tests.SearchProductTest" name="CheckSearchProductTest" time="3.854"/>
</testsuite> <!-- tests.SearchProductTest -->
