<?xml version="1.0" encoding="UTF-8"?>
<!-- Generated by org.testng.reporters.JUnitReportReporter -->
<testsuite skipped="0" hostname="EGDM1-MEMAD" name="tests.LoginTest" tests="1" failures="0" timestamp="10 Jun 2019 09:07:14 GMT" time="2.179" errors="0">
  <testcase name="CheckLogin" time="2.179" classname="tests.LoginTest"/>
</testsuite> <!-- tests.LoginTest -->
