<?xml version="1.0" encoding="UTF-8"?>
<!-- Generated by org.testng.reporters.JUnitReportReporter -->
<testsuite skipped="0" hostname="EGDM1-AMounir" name="tests.CRUDTest.CompaniesCRUDTest" tests="5" failures="0" timestamp="29 Aug 2019 09:16:23 GMT" time="340.798" errors="0">
  <testcase name="CheckSaveTestCase" time="293.840" classname="tests.CRUDTest.CompaniesCRUDTest"/>
  <testcase name="checkDeleteTestCase" time="2.117" classname="tests.CRUDTest.CompaniesCRUDTest"/>
  <testcase name="checkUpdateTestCase" time="5.651" classname="tests.CRUDTest.CompaniesCRUDTest"/>
  <testcase name="checkRetrieveAllAndPaging" time="2.567" classname="tests.CRUDTest.CompaniesCRUDTest"/>
  <testcase name="checkFilterArea" time="36.623" classname="tests.CRUDTest.CompaniesCRUDTest"/>
</testsuite> <!-- tests.CRUDTest.CompaniesCRUDTest -->
