<?xml version="1.0" encoding="UTF-8"?>
<!-- Generated by org.testng.reporters.JUnitReportReporter -->
<testsuite skipped="0" hostname="EGDM1-AMounir" name="tests.CRUDTest.CountriesCRUDTest" tests="5" failures="0" timestamp="29 Aug 2019 09:16:23 GMT" time="76.682" errors="0">
  <testcase name="checkRetrieveAllAndPaging" time="2.537" classname="tests.CRUDTest.CountriesCRUDTest"/>
  <testcase name="checkFilterArea" time="27.248" classname="tests.CRUDTest.CountriesCRUDTest"/>
  <testcase name="checkUpdateTestCase" time="5.413" classname="tests.CRUDTest.CountriesCRUDTest"/>
  <testcase name="checkDeleteTestCase" time="2.094" classname="tests.CRUDTest.CountriesCRUDTest"/>
  <testcase name="CheckSaveTestCase" time="39.390" classname="tests.CRUDTest.CountriesCRUDTest"/>
</testsuite> <!-- tests.CRUDTest.CountriesCRUDTest -->
