<?xml version="1.0" encoding="UTF-8"?>
<!-- Generated by org.testng.reporters.JUnitReportReporter -->
<testsuite skipped="0" hostname="EGDM1-AMounir" name="tests.SectorsCRUDTest" tests="6" failures="0" timestamp="25 Aug 2019 09:48:26 GMT" time="58.994" errors="0">
  <testcase name="checkUpdateTestCase" time="5.294" classname="tests.SectorsCRUDTest"/>
  <testcase name="CheckSaveTestCase" time="21.908" classname="tests.SectorsCRUDTest"/>
  <testcase name="CheckLogin" time="0.468" classname="tests.SectorsCRUDTest"/>
  <testcase name="checkDeleteTestCase" time="0.118" classname="tests.SectorsCRUDTest"/>
  <testcase name="checkFilterArea" time="28.469" classname="tests.SectorsCRUDTest"/>
  <testcase name="checkRetrieveAllAndPaging" time="2.737" classname="tests.SectorsCRUDTest"/>
</testsuite> <!-- tests.SectorsCRUDTest -->
