<?xml version="1.0" encoding="UTF-8"?>
<!-- Generated by org.testng.reporters.JUnitReportReporter -->
<testsuite skipped="3" hostname="EGDM1-MEMAD" name="tests.ProductSetupTest" tests="3" failures="0" timestamp="22 May 2019 07:34:00 GMT" time="0.000" errors="0">
  <testcase name="FillData" time="0.000" classname="tests.ProductSetupTest">
    <skipped/>
  </testcase> <!-- FillData -->
  <testcase name="SaveProductSetup" time="0.000" classname="tests.ProductSetupTest">
    <skipped/>
  </testcase> <!-- SaveProductSetup -->
  <testcase name="PostButton" time="0.000" classname="tests.ProductSetupTest">
    <skipped/>
  </testcase> <!-- PostButton -->
</testsuite> <!-- tests.ProductSetupTest -->
