<?xml version="1.0" encoding="UTF-8"?>
<!-- Generated by org.testng.reporters.JUnitReportReporter -->
<testsuite skipped="0" hostname="EGDM1-ABaiomy" name="tests.IndividualProspectTest" tests="2" failures="0" timestamp="21 Apr 2019 10:30:56 GMT" time="51.622" errors="0">
  <testcase name="addNewIndividualProspect_Case1" time="48.941" classname="tests.IndividualProspectTest"/>
  <testcase name="CheckLogin" time="2.681" classname="tests.IndividualProspectTest"/>
</testsuite> <!-- tests.IndividualProspectTest -->
