<?xml version="1.0" encoding="UTF-8"?>
<!-- Generated by org.testng.reporters.JUnitReportReporter -->
<testsuite skipped="0" hostname="EGDM1-AMounir" name="tests.MonthlyDependOnTransaction" tests="6" failures="0" timestamp="11 Jun 2019 07:16:37 GMT" time="80.674" errors="0">
  <testcase name="fillRepaymentsOptionsData" time="0.646" classname="tests.MonthlyDependOnTransaction"/>
  <testcase name="fillProfitRateData" time="0.651" classname="tests.MonthlyDependOnTransaction"/>
  <testcase name="fillIntervalsDataWithLastDay" time="47.141" classname="tests.MonthlyDependOnTransaction"/>
  <testcase name="OpenRepaymentPlanModule" time="10.993" classname="tests.MonthlyDependOnTransaction"/>
  <testcase name="fillRepaymentPlanMasterData" time="20.355" classname="tests.MonthlyDependOnTransaction"/>
  <testcase name="CheckLogin" time="0.888" classname="tests.MonthlyDependOnTransaction"/>
</testsuite> <!-- tests.MonthlyDependOnTransaction -->
