<?xml version="1.0" encoding="UTF-8"?>
<!-- Generated by org.testng.reporters.JUnitReportReporter -->
<testsuite skipped="3" hostname="EGDM1-ABaiomy" name="tests.ProductSetupTest" tests="3" failures="0" timestamp="17 Apr 2019 09:59:42 GMT" time="0.000" errors="0">
  <testcase name="PostButton" time="0.000" classname="tests.ProductSetupTest">
    <skipped/>
  </testcase> <!-- PostButton -->
  <testcase name="FillData" time="0.000" classname="tests.ProductSetupTest">
    <skipped/>
  </testcase> <!-- FillData -->
  <testcase name="SaveProductSetup" time="0.000" classname="tests.ProductSetupTest">
    <skipped/>
  </testcase> <!-- SaveProductSetup -->
</testsuite> <!-- tests.ProductSetupTest -->
