<?xml version="1.0" encoding="UTF-8"?>
<!-- Generated by org.testng.reporters.JUnitReportReporter -->
<testsuite skipped="0" hostname="EGDM1-AMounir" name="tests.CRUDTest.DocumentTypesCRUDTest" tests="5" failures="0" timestamp="29 Aug 2019 09:16:23 GMT" time="57.452" errors="0">
  <testcase name="CheckSaveTestCase" time="17.666" classname="tests.CRUDTest.DocumentTypesCRUDTest"/>
  <testcase name="checkDeleteTestCase" time="2.145" classname="tests.CRUDTest.DocumentTypesCRUDTest"/>
  <testcase name="checkUpdateTestCase" time="5.359" classname="tests.CRUDTest.DocumentTypesCRUDTest"/>
  <testcase name="checkRetrieveAllAndPaging" time="4.378" classname="tests.CRUDTest.DocumentTypesCRUDTest"/>
  <testcase name="checkFilterArea" time="27.904" classname="tests.CRUDTest.DocumentTypesCRUDTest"/>
</testsuite> <!-- tests.CRUDTest.DocumentTypesCRUDTest -->
