<?xml version="1.0" encoding="UTF-8"?>
<!-- Generated by org.testng.reporters.JUnitReportReporter -->
<testsuite skipped="0" hostname="EGDM1-ABaiomy" name="tests.CRUDTest.INDIVIDUALGUARANTORSCRUDTest" tests="4" failures="0" timestamp="22 Sep 2019 12:03:20 GMT" time="60.900" errors="0">
  <testcase name="checkdelete" time="2.094" classname="tests.CRUDTest.INDIVIDUALGUARANTORSCRUDTest"/>
  <testcase name="checkRetrieveAllAndPaging" time="35.259" classname="tests.CRUDTest.INDIVIDUALGUARANTORSCRUDTest"/>
  <testcase name="CheckLogin" time="0.631" classname="tests.CRUDTest.INDIVIDUALGUARANTORSCRUDTest"/>
  <testcase name="checkFilterArea" time="22.916" classname="tests.CRUDTest.INDIVIDUALGUARANTORSCRUDTest"/>
</testsuite> <!-- tests.CRUDTest.INDIVIDUALGUARANTORSCRUDTest -->
