<?xml version="1.0" encoding="UTF-8"?>
<!-- Generated by org.testng.reporters.JUnitReportReporter -->
<testsuite skipped="0" hostname="EGDM1-AMounir" name="tests.RetailMurabahaTest" tests="4" failures="0" timestamp="26 Mar 2019 07:36:33 GMT" time="64.157" errors="0">
  <testcase name="CheckLogin" time="0.707" classname="tests.RetailMurabahaTest"/>
  <testcase name="CheckOpenRetailMurabah" time="28.489" classname="tests.RetailMurabahaTest"/>
  <testcase name="CheckInsertAllMandatoryFields" time="30.459" classname="tests.RetailMurabahaTest"/>
  <testcase name="CheckSaveRetailMurabaha" time="4.502" classname="tests.RetailMurabahaTest"/>
</testsuite> <!-- tests.RetailMurabahaTest -->
