<?xml version="1.0" encoding="UTF-8"?>
<!-- Generated by org.testng.reporters.JUnitReportReporter -->
<testsuite skipped="3" hostname="EGDM1-MEMAD" name="tests.ProductSetupTest" tests="3" failures="0" timestamp="01 Jul 2019 10:00:30 GMT" time="0.000" errors="0">
  <testcase name="PostButton" time="0.000" classname="tests.ProductSetupTest">
    <skipped/>
  </testcase> <!-- PostButton -->
  <testcase name="SaveProductSetup" time="0.000" classname="tests.ProductSetupTest">
    <skipped/>
  </testcase> <!-- SaveProductSetup -->
  <testcase name="FillData" time="0.000" classname="tests.ProductSetupTest">
    <skipped/>
  </testcase> <!-- FillData -->
</testsuite> <!-- tests.ProductSetupTest -->
