<?xml version="1.0" encoding="UTF-8"?>
<!-- Generated by org.testng.reporters.JUnitReportReporter -->
<testsuite skipped="0" hostname="EGDM1-ABaiomy" name="tests.CRUDTest.CommitteesMeetingsCRUDTest" tests="6" failures="0" timestamp="22 Sep 2019 14:12:07 GMT" time="59.235" errors="0">
  <testcase name="checkDeleteTestCase" time="2.090" classname="tests.CRUDTest.CommitteesMeetingsCRUDTest"/>
  <testcase name="checkUpdateTestCase" time="5.194" classname="tests.CRUDTest.CommitteesMeetingsCRUDTest"/>
  <testcase name="CheckLogin" time="0.986" classname="tests.CRUDTest.CommitteesMeetingsCRUDTest"/>
  <testcase name="checkFilterArea" time="27.500" classname="tests.CRUDTest.CommitteesMeetingsCRUDTest"/>
  <testcase name="CheckSaveTestCase" time="21.048" classname="tests.CRUDTest.CommitteesMeetingsCRUDTest"/>
  <testcase name="checkRetrieveAllAndPaging" time="2.417" classname="tests.CRUDTest.CommitteesMeetingsCRUDTest"/>
</testsuite> <!-- tests.CRUDTest.CommitteesMeetingsCRUDTest -->
