<?xml version="1.0" encoding="UTF-8"?>
<!-- Generated by org.testng.reporters.JUnitReportReporter -->
<testsuite skipped="0" hostname="EGDM1-MEMAD" name="tests.LoginTest" tests="2" failures="0" timestamp="04 Apr 2019 11:44:39 GMT" time="6.845" errors="0">
  <testcase name="addNewIndividualProspect" time="6.185" classname="tests.LoginTest"/>
  <testcase name="CheckLogin" time="0.660" classname="tests.LoginTest"/>
</testsuite> <!-- tests.LoginTest -->
