<?xml version="1.0" encoding="UTF-8"?>
<!-- Generated by org.testng.reporters.JUnitReportReporter -->
<testsuite skipped="0" hostname="MEmad" name="tests.UserRegistrationTest" tests="3" failures="0" timestamp="13 ينا 2019 20:33:40 GMT" time="22.815" errors="0">
  <testcase name="UserLogOut" time="2.249" classname="tests.UserRegistrationTest"/>
  <testcase name="UserCanLoginSuccessfully" time="7.607" classname="tests.UserRegistrationTest"/>
  <testcase name="UserCanRegisterSuccessfully" time="12.959" classname="tests.UserRegistrationTest"/>
</testsuite> <!-- tests.UserRegistrationTest -->
