<?xml version="1.0" encoding="UTF-8"?>
<!-- Generated by org.testng.reporters.JUnitReportReporter -->
<testsuite skipped="0" hostname="EGDM1-AMounir" name="tests.CRUDTest.RegionsCRUDTest" tests="5" failures="0" timestamp="29 Aug 2019 09:16:23 GMT" time="58.444" errors="0">
  <testcase name="checkUpdateTestCase" time="5.300" classname="tests.CRUDTest.RegionsCRUDTest"/>
  <testcase name="checkRetrieveAllAndPaging" time="4.388" classname="tests.CRUDTest.RegionsCRUDTest"/>
  <testcase name="checkDeleteTestCase" time="2.127" classname="tests.CRUDTest.RegionsCRUDTest"/>
  <testcase name="CheckSaveTestCase" time="19.093" classname="tests.CRUDTest.RegionsCRUDTest"/>
  <testcase name="checkFilterArea" time="27.536" classname="tests.CRUDTest.RegionsCRUDTest"/>
</testsuite> <!-- tests.CRUDTest.RegionsCRUDTest -->
