<?xml version="1.0" encoding="UTF-8"?>
<!-- Generated by org.testng.reporters.JUnitReportReporter -->
<testsuite skipped="0" hostname="EGDM1-ABaiomy" name="tests.CRUDTest.MurabahaCRUDTest" tests="6" failures="0" timestamp="10 Sep 2019 14:49:04 GMT" time="190.118" errors="0">
  <testcase name="checkUpdateTestCase" time="5.875" classname="tests.CRUDTest.MurabahaCRUDTest"/>
  <testcase name="CheckSaveTestCase" time="150.179" classname="tests.CRUDTest.MurabahaCRUDTest"/>
  <testcase name="CheckLogin" time="0.665" classname="tests.CRUDTest.MurabahaCRUDTest"/>
  <testcase name="checkDeleteTestCase" time="2.116" classname="tests.CRUDTest.MurabahaCRUDTest"/>
  <testcase name="checkFilterArea" time="28.798" classname="tests.CRUDTest.MurabahaCRUDTest"/>
  <testcase name="checkRetrieveAllAndPaging" time="2.485" classname="tests.CRUDTest.MurabahaCRUDTest"/>
</testsuite> <!-- tests.CRUDTest.MurabahaCRUDTest -->
