<?xml version="1.0" encoding="UTF-8"?>
<!-- Generated by org.testng.reporters.JUnitReportReporter -->
<testsuite skipped="0" hostname="EGDM1-MEMAD" name="tests.MonthlyDependOnTransaction" tests="6" failures="0" timestamp="01 Jul 2019 12:19:19 GMT" time="67.205" errors="0">
  <testcase name="fillRepaymentPlanMasterData" time="19.126" classname="tests.MonthlyDependOnTransaction"/>
  <testcase name="fillProfitRateData" time="0.257" classname="tests.MonthlyDependOnTransaction"/>
  <testcase name="OpenRepaymentPlanModule" time="4.181" classname="tests.MonthlyDependOnTransaction"/>
  <testcase name="CheckLogin" time="0.398" classname="tests.MonthlyDependOnTransaction"/>
  <testcase name="fillRepaymentsOptionsData" time="0.353" classname="tests.MonthlyDependOnTransaction"/>
  <testcase name="fillIntervalsDataWithLastDay" time="42.890" classname="tests.MonthlyDependOnTransaction"/>
</testsuite> <!-- tests.MonthlyDependOnTransaction -->
