<?xml version="1.0" encoding="UTF-8"?>
<!-- Generated by org.testng.reporters.JUnitReportReporter -->
<testsuite skipped="0" hostname="EGDM1-ABaiomy" name="tests.ProductSetupTest" tests="3" failures="0" timestamp="21 Mar 2019 09:15:01 GMT" time="135.656" errors="0">
  <testcase name="FillData" time="128.493" classname="tests.ProductSetupTest"/>
  <testcase name="CheckLogin" time="0.709" classname="tests.ProductSetupTest"/>
  <testcase name="SaveProductSetup" time="6.454" classname="tests.ProductSetupTest"/>
</testsuite> <!-- tests.ProductSetupTest -->
