<?xml version="1.0" encoding="UTF-8"?>
<!-- Generated by org.testng.reporters.JUnitReportReporter -->
<testsuite skipped="0" hostname="EGDM1-MEMAD" name="tests.LoginTest" tests="1" failures="0" timestamp="09 Apr 2019 11:11:49 GMT" time="1.709" errors="0">
  <testcase name="CheckLogin" time="1.709" classname="tests.LoginTest"/>
</testsuite> <!-- tests.LoginTest -->
