<?xml version="1.0" encoding="UTF-8"?>
<!-- Generated by org.testng.reporters.JUnitReportReporter -->
<testsuite skipped="0" hostname="EGDM1-ABaiomy" name="tests.CRUDTest.WorkflowSetupCRUDTest" tests="6" failures="0" timestamp="22 Sep 2019 14:51:20 GMT" time="73.903" errors="0">
  <testcase name="checkFilterArea" time="27.623" classname="tests.CRUDTest.WorkflowSetupCRUDTest"/>
  <testcase name="checkUpdateTestCase" time="5.297" classname="tests.CRUDTest.WorkflowSetupCRUDTest"/>
  <testcase name="CheckSaveTestCase" time="35.751" classname="tests.CRUDTest.WorkflowSetupCRUDTest"/>
  <testcase name="checkRetrieveAllAndPaging" time="2.446" classname="tests.CRUDTest.WorkflowSetupCRUDTest"/>
  <testcase name="CheckLogin" time="0.700" classname="tests.CRUDTest.WorkflowSetupCRUDTest"/>
  <testcase name="checkDeleteTestCase" time="2.086" classname="tests.CRUDTest.WorkflowSetupCRUDTest"/>
</testsuite> <!-- tests.CRUDTest.WorkflowSetupCRUDTest -->
