<?xml version="1.0" encoding="UTF-8"?>
<!-- Generated by org.testng.reporters.JUnitReportReporter -->
<testsuite skipped="0" hostname="EGDM1-AMounir" name="tests.RetailMurabahaTest" tests="4" failures="0" timestamp="20 Mar 2019 10:45:01 GMT" time="53.433" errors="0">
  <testcase name="CheckLogin" time="0.769" classname="tests.RetailMurabahaTest"/>
  <testcase name="CheckOpenRetailMurabah" time="24.158" classname="tests.RetailMurabahaTest"/>
  <testcase name="CheckInsertAllMandatoryFields" time="26.974" classname="tests.RetailMurabahaTest"/>
  <testcase name="CheckSaveRetailMurabaha" time="1.532" classname="tests.RetailMurabahaTest"/>
</testsuite> <!-- tests.RetailMurabahaTest -->
