<?xml version="1.0" encoding="UTF-8"?>
<!-- Generated by org.testng.reporters.JUnitReportReporter -->
<testsuite skipped="0" hostname="EGDM1-AMounir" name="tests.BusinessRulesTest" tests="2" failures="0" timestamp="20 Mar 2019 13:58:09 GMT" time="74.335" errors="0">
  <testcase name="CheckLogin" time="0.701" classname="tests.BusinessRulesTest"/>
  <testcase name="OpenBusinessRules" time="73.634" classname="tests.BusinessRulesTest"/>
</testsuite> <!-- tests.BusinessRulesTest -->
