<?xml version="1.0" encoding="UTF-8"?>
<!-- Generated by org.testng.reporters.JUnitReportReporter -->
<testsuite skipped="0" hostname="MEmad" name="tests.MyAccountTest" tests="4" failures="0" timestamp="04 فبر 2019 22:10:59 GMT" time="26.155" errors="0">
  <testcase name="UserCanRegisterSuccessfully" time="9.547" classname="tests.MyAccountTest"/>
  <testcase name="ChangePasswordSuccessfully" time="8.525" classname="tests.MyAccountTest"/>
  <testcase name="UserLogOut" time="3.012" classname="tests.MyAccountTest"/>
  <testcase name="UserCanLoginSuccessfully" time="5.071" classname="tests.MyAccountTest"/>
</testsuite> <!-- tests.MyAccountTest -->
