<?xml version="1.0" encoding="UTF-8"?>
<!-- Generated by org.testng.reporters.JUnitReportReporter -->
<testsuite skipped="0" hostname="EGDM1-ABaiomy" name="tests.BusinessRulesTest" tests="3" failures="0" timestamp="26 Mar 2019 14:54:13 GMT" time="60.042" errors="0">
  <testcase name="CheckLogin" time="3.639" classname="tests.BusinessRulesTest"/>
  <testcase name="SaveBusinessRules" time="6.477" classname="tests.BusinessRulesTest"/>
  <testcase name="OpenBusinessRules" time="49.926" classname="tests.BusinessRulesTest"/>
</testsuite> <!-- tests.BusinessRulesTest -->
