<?xml version="1.0" encoding="UTF-8"?>
<!-- Generated by org.testng.reporters.JUnitReportReporter -->
<testsuite skipped="0" hostname="EGDM1-AMounir" name="tests.MonthlyDependOnTransactionTest" tests="6" failures="0" timestamp="09 Jul 2019 12:11:21 GMT" time="111.545" errors="0">
  <testcase name="OpenRepaymentPlanModule" time="3.972" classname="tests.MonthlyDependOnTransactionTest"/>
  <testcase name="CheckLogin" time="0.794" classname="tests.MonthlyDependOnTransactionTest"/>
  <testcase name="fillRepaymentPlanMasterData" time="36.337" classname="tests.MonthlyDependOnTransactionTest"/>
  <testcase name="fillRepaymentsOptionsData" time="0.623" classname="tests.MonthlyDependOnTransactionTest"/>
  <testcase name="fillProfitRateData" time="0.643" classname="tests.MonthlyDependOnTransactionTest"/>
  <testcase name="fillIntervalsDataWithDependOnTransaction" time="69.176" classname="tests.MonthlyDependOnTransactionTest"/>
</testsuite> <!-- tests.MonthlyDependOnTransactionTest -->
