<?xml version="1.0" encoding="UTF-8"?>
<!-- Generated by org.testng.reporters.JUnitReportReporter -->
<testsuite skipped="0" hostname="EGDM1-ABaiomy" name="tests.CRUDTest.CustomersCRUDTest" tests="3" failures="0" timestamp="08 Sep 2019 08:38:58 GMT" time="45.335" errors="0">
  <testcase name="checkRetrieveAllAndPaging" time="2.515" classname="tests.CRUDTest.CustomersCRUDTest"/>
  <testcase name="checkFilterArea" time="41.965" classname="tests.CRUDTest.CustomersCRUDTest"/>
  <testcase name="CheckLogin" time="0.855" classname="tests.CRUDTest.CustomersCRUDTest"/>
</testsuite> <!-- tests.CRUDTest.CustomersCRUDTest -->
