<?xml version="1.0" encoding="UTF-8"?>
<!-- Generated by org.testng.reporters.JUnitReportReporter -->
<testsuite skipped="0" hostname="EGDM1-ABaiomy" name="tests.ProductSetupTest" tests="4" failures="0" timestamp="25 Mar 2019 15:04:25 GMT" time="120.896" errors="0">
  <testcase name="PostButton" time="5.393" classname="tests.ProductSetupTest"/>
  <testcase name="FillData" time="109.101" classname="tests.ProductSetupTest"/>
  <testcase name="SaveProductSetup" time="5.748" classname="tests.ProductSetupTest"/>
  <testcase name="CheckLogin" time="0.654" classname="tests.ProductSetupTest"/>
</testsuite> <!-- tests.ProductSetupTest -->
