<?xml version="1.0" encoding="UTF-8"?>
<!-- Generated by org.testng.reporters.JUnitReportReporter -->
<testsuite skipped="0" hostname="EGDM1-AMounir" name="tests.CRUDTest.SectorsCRUDTest" tests="6" failures="0" timestamp="29 Aug 2019 09:16:23 GMT" time="64.964" errors="0">
  <testcase name="checkFilterArea" time="27.973" classname="tests.CRUDTest.SectorsCRUDTest"/>
  <testcase name="checkRetrieveAllAndPaging" time="4.566" classname="tests.CRUDTest.SectorsCRUDTest"/>
  <testcase name="CheckLogin" time="0.483" classname="tests.CRUDTest.SectorsCRUDTest"/>
  <testcase name="CheckSaveTestCase" time="24.527" classname="tests.CRUDTest.SectorsCRUDTest"/>
  <testcase name="checkUpdateTestCase" time="5.307" classname="tests.CRUDTest.SectorsCRUDTest"/>
  <testcase name="checkDeleteTestCase" time="2.108" classname="tests.CRUDTest.SectorsCRUDTest"/>
</testsuite> <!-- tests.CRUDTest.SectorsCRUDTest -->
