<?xml version="1.0" encoding="UTF-8"?>
<!-- Generated by org.testng.reporters.JUnitReportReporter -->
<testsuite skipped="0" hostname="EGDM1-AMounir" name="tests.BusinessRulesTest" tests="2" failures="0" timestamp="21 Mar 2019 10:01:39 GMT" time="55.602" errors="0">
  <testcase name="CheckLogin" time="0.722" classname="tests.BusinessRulesTest"/>
  <testcase name="OpenBusinessRules" time="54.880" classname="tests.BusinessRulesTest"/>
</testsuite> <!-- tests.BusinessRulesTest -->
