<?xml version="1.0" encoding="UTF-8"?>
<!-- Generated by org.testng.reporters.JUnitReportReporter -->
<<<<<<< HEAD
<testsuite skipped="0" hostname="EGDM1-AMounir" name="tests.BusinessRulesTest" tests="3" failures="0" timestamp="26 Mar 2019 10:49:07 GMT" time="59.263" errors="0">
  <testcase name="CheckLogin" time="3.718" classname="tests.BusinessRulesTest"/>
  <testcase name="OpenBusinessRules" time="49.000" classname="tests.BusinessRulesTest"/>
  <testcase name="SaveBusinessRules" time="6.545" classname="tests.BusinessRulesTest"/>
=======
<testsuite skipped="0" hostname="EGDM1-ABaiomy" name="tests.BusinessRulesTest" tests="3" failures="0" timestamp="26 Mar 2019 14:54:13 GMT" time="60.042" errors="0">
  <testcase name="CheckLogin" time="3.639" classname="tests.BusinessRulesTest"/>
  <testcase name="SaveBusinessRules" time="6.477" classname="tests.BusinessRulesTest"/>
  <testcase name="OpenBusinessRules" time="49.926" classname="tests.BusinessRulesTest"/>
>>>>>>> 04f762070f4d74240e1b1c69038581cd0a906baa
</testsuite> <!-- tests.BusinessRulesTest -->
