<?xml version="1.0" encoding="UTF-8"?>
<!-- Generated by org.testng.reporters.JUnitReportReporter -->
<testsuite skipped="0" hostname="EGDM1-ABaiomy" name="tests.CRUDTest.INDIVIDUALFINANCIERSCRUDTest" tests="3" failures="0" timestamp="10 Sep 2019 09:01:51 GMT" time="70.667" errors="0">
  <testcase name="checkFilterArea" time="61.453" classname="tests.CRUDTest.INDIVIDUALFINANCIERSCRUDTest"/>
  <testcase name="CheckLogin" time="0.597" classname="tests.CRUDTest.INDIVIDUALFINANCIERSCRUDTest"/>
  <testcase name="checkRetrieveAllAndPaging" time="8.617" classname="tests.CRUDTest.INDIVIDUALFINANCIERSCRUDTest"/>
</testsuite> <!-- tests.CRUDTest.INDIVIDUALFINANCIERSCRUDTest -->
