<?xml version="1.0" encoding="UTF-8"?>
<!-- Generated by org.testng.reporters.JUnitReportReporter -->
<testsuite skipped="0" hostname="EGDM1-MEMAD" name="tests.TestLoginTest" tests="1" failures="0" timestamp="28 Mar 2019 12:27:52 GMT" time="5.674" errors="0">
  <testcase name="setUp" time="5.674" classname="tests.TestLoginTest"/>
</testsuite> <!-- tests.TestLoginTest -->
