<?xml version="1.0" encoding="UTF-8"?>
<!-- Generated by org.testng.reporters.JUnitReportReporter -->
<<<<<<< HEAD
<testsuite skipped="0" hostname="EGDM1-AMounir" name="tests.RetailMurabahaTest" tests="4" failures="0" timestamp="26 Mar 2019 07:36:33 GMT" time="64.157" errors="0">
  <testcase name="CheckLogin" time="0.707" classname="tests.RetailMurabahaTest"/>
  <testcase name="CheckOpenRetailMurabah" time="28.489" classname="tests.RetailMurabahaTest"/>
  <testcase name="CheckInsertAllMandatoryFields" time="30.459" classname="tests.RetailMurabahaTest"/>
  <testcase name="CheckSaveRetailMurabaha" time="4.502" classname="tests.RetailMurabahaTest"/>
=======
<testsuite skipped="3" hostname="EGDM1-ABaiomy" name="tests.RetailMurabahaTest" tests="3" failures="0" timestamp="25 Mar 2019 14:51:37 GMT" time="0.000" errors="0">
  <testcase name="CheckInsertAllMandatoryFields" time="0.000" classname="tests.RetailMurabahaTest">
    <skipped/>
  </testcase> <!-- CheckInsertAllMandatoryFields -->
  <testcase name="CheckOpenRetailMurabah" time="0.000" classname="tests.RetailMurabahaTest">
    <skipped/>
  </testcase> <!-- CheckOpenRetailMurabah -->
  <testcase name="CheckSaveRetailMurabaha" time="0.000" classname="tests.RetailMurabahaTest">
    <skipped/>
  </testcase> <!-- CheckSaveRetailMurabaha -->
>>>>>>> b29afa712cb9269c3bef1d2e97657c1cb2d62bac
</testsuite> <!-- tests.RetailMurabahaTest -->
