<?xml version="1.0" encoding="UTF-8"?>
<!-- Generated by org.testng.reporters.JUnitReportReporter -->
<testsuite skipped="0" hostname="EGDM1-ABaiomy" name="tests.CRUDTest.CATEGORIESCRUDTest" tests="3" failures="0" timestamp="22 Sep 2019 09:36:37 GMT" time="48.138" errors="0">
  <testcase name="checkFilterArea" time="44.976" classname="tests.CRUDTest.CATEGORIESCRUDTest"/>
  <testcase name="CheckLogin" time="0.703" classname="tests.CRUDTest.CATEGORIESCRUDTest"/>
  <testcase name="checkRetrieveAllAndPaging" time="2.459" classname="tests.CRUDTest.CATEGORIESCRUDTest"/>
</testsuite> <!-- tests.CRUDTest.CATEGORIESCRUDTest -->
