<?xml version="1.0" encoding="UTF-8"?>
<!-- Generated by org.testng.reporters.JUnitReportReporter -->
<testsuite skipped="0" hostname="EGDM1-ABaiomy" name="tests.ProductSetupCrud" tests="4" failures="0" timestamp="26 Mar 2019 11:32:56 GMT" time="119.832" errors="0">
  <testcase name="FillData" time="107.967" classname="tests.ProductSetupCrud"/>
  <testcase name="SaveProductSetup" time="5.447" classname="tests.ProductSetupCrud"/>
  <testcase name="CheckLogin" time="1.010" classname="tests.ProductSetupCrud"/>
  <testcase name="PostButton" time="5.408" classname="tests.ProductSetupCrud"/>
</testsuite> <!-- tests.ProductSetupCrud -->
