<?xml version="1.0" encoding="UTF-8"?>
<!-- Generated by org.testng.reporters.JUnitReportReporter -->
<testsuite skipped="0" hostname="EGDM1-ABaiomy" name="tests.ProductSetupTest" tests="3" failures="0" timestamp="21 Apr 2019 10:30:56 GMT" time="112.146" errors="0">
  <testcase name="PostButton" time="2.046" classname="tests.ProductSetupTest"/>
  <testcase name="SaveProductSetup" time="5.464" classname="tests.ProductSetupTest"/>
  <testcase name="FillData" time="104.636" classname="tests.ProductSetupTest"/>
</testsuite> <!-- tests.ProductSetupTest -->
