<?xml version="1.0" encoding="UTF-8"?>
<!-- Generated by org.testng.reporters.JUnitReportReporter -->
<testsuite skipped="0" hostname="EGDM1-ABaiomy" name="tests.CRUDTest.VENDORSCRUDTest" tests="3" failures="0" timestamp="22 Sep 2019 09:42:41 GMT" time="75.597" errors="0">
  <testcase name="checkFilterArea" time="64.904" classname="tests.CRUDTest.VENDORSCRUDTest"/>
  <testcase name="CheckLogin" time="0.572" classname="tests.CRUDTest.VENDORSCRUDTest"/>
  <testcase name="checkRetrieveAllAndPaging" time="10.121" classname="tests.CRUDTest.VENDORSCRUDTest"/>
</testsuite> <!-- tests.CRUDTest.VENDORSCRUDTest -->
