<?xml version="1.0" encoding="UTF-8"?>
<!-- Generated by org.testng.reporters.JUnitReportReporter -->
<testsuite skipped="0" hostname="EGDM1-AMounir" name="tests.DocumentTypesCRUDTest" tests="6" failures="0" timestamp="25 Aug 2019 09:40:48 GMT" time="58.192" errors="0">
  <testcase name="CheckSaveTestCase" time="20.239" classname="tests.DocumentTypesCRUDTest"/>
  <testcase name="checkUpdateTestCase" time="5.343" classname="tests.DocumentTypesCRUDTest"/>
  <testcase name="CheckLogin" time="0.463" classname="tests.DocumentTypesCRUDTest"/>
  <testcase name="checkDeleteTestCase" time="0.126" classname="tests.DocumentTypesCRUDTest"/>
  <testcase name="checkFilterArea" time="28.910" classname="tests.DocumentTypesCRUDTest"/>
  <testcase name="checkRetrieveAllAndPaging" time="3.111" classname="tests.DocumentTypesCRUDTest"/>
</testsuite> <!-- tests.DocumentTypesCRUDTest -->
