<?xml version="1.0" encoding="UTF-8"?>
<!-- Generated by org.testng.reporters.JUnitReportReporter -->
<testsuite skipped="0" hostname="EGDM1-MEMAD" name="tests.SectorsCRUDTest" tests="2" failures="0" timestamp="15 Apr 2019 10:29:03 GMT" time="76.112" errors="0">
  <testcase name="CheckSaveTestCase" time="72.828" classname="tests.SectorsCRUDTest"/>
  <testcase name="CheckLogin" time="3.284" classname="tests.SectorsCRUDTest"/>
</testsuite> <!-- tests.SectorsCRUDTest -->
