<?xml version="1.0" encoding="UTF-8"?>
<!-- Generated by org.testng.reporters.JUnitReportReporter -->
<testsuite skipped="0" hostname="EGDM1-AMounir" name="tests.BusinessRulesCRUD" tests="5" failures="0" timestamp="26 Mar 2019 09:23:03 GMT" time="66.044" errors="0">
  <testcase name="DeleteBusinessRule" time="1.394" classname="tests.BusinessRulesCRUD"/>
  <testcase name="CheckLogin" time="3.950" classname="tests.BusinessRulesCRUD"/>
  <testcase name="OpenBusinessRules" time="48.383" classname="tests.BusinessRulesCRUD"/>
  <testcase name="SaveBusinessRules" time="6.469" classname="tests.BusinessRulesCRUD"/>
  <testcase name="UpdateBusinessRules" time="5.848" classname="tests.BusinessRulesCRUD"/>
</testsuite> <!-- tests.BusinessRulesCRUD -->
