<?xml version="1.0" encoding="UTF-8"?>
<!-- Generated by org.testng.reporters.JUnitReportReporter -->
<testsuite skipped="0" hostname="EGDM1-MEMAD" name="tests.LoginTest" tests="1" failures="0" timestamp="20 Mar 2019 14:03:09 GMT" time="1.541" errors="0">
  <testcase name="CheckLogin" time="1.541" classname="tests.LoginTest"/>
</testsuite> <!-- tests.LoginTest -->
