<?xml version="1.0" encoding="UTF-8"?>
<!-- Generated by org.testng.reporters.JUnitReportReporter -->
<testsuite skipped="0" hostname="EGDM1-MEMAD" name="tests.ProductSetupTest" tests="2" failures="0" timestamp="19 Mar 2019 13:29:42 GMT" time="46.420" errors="0">
  <testcase name="SaveProductSetup" time="44.619" classname="tests.ProductSetupTest"/>
  <testcase name="CheckLogin" time="1.801" classname="tests.ProductSetupTest"/>
</testsuite> <!-- tests.ProductSetupTest -->
