<?xml version="1.0" encoding="UTF-8"?>
<!-- Generated by org.testng.reporters.JUnitReportReporter -->
<testsuite hostname="EGDM1-MEMAD" failures="0" tests="1" name="tests.SearchProductTest" time="5.536" errors="0" timestamp="13 Feb 2019 10:08:32 GMT" skipped="0">
  <testcase classname="tests.SearchProductTest" name="CheckSearchProductTest" time="5.536"/>
</testsuite> <!-- tests.SearchProductTest -->
