<?xml version="1.0" encoding="UTF-8"?>
<!-- Generated by org.testng.reporters.JUnitReportReporter -->
<testsuite skipped="0" hostname="EGDM1-MEMAD" name="tests.IndividualProspectTest" tests="1" failures="0" timestamp="09 Apr 2019 10:09:08 GMT" time="57.374" errors="0">
  <testcase name="addNewIndividualProspect" time="57.374" classname="tests.IndividualProspectTest"/>
</testsuite> <!-- tests.IndividualProspectTest -->
