<?xml version="1.0" encoding="UTF-8"?>
<!-- Generated by org.testng.reporters.JUnitReportReporter -->
<testsuite skipped="0" hostname="EGDM1-AMounir" name="tests.BusinessRulesTest" tests="3" failures="0" timestamp="26 Mar 2019 09:20:33 GMT" time="58.861" errors="0">
  <testcase name="CheckLogin" time="3.738" classname="tests.BusinessRulesTest"/>
  <testcase name="OpenBusinessRules" time="48.665" classname="tests.BusinessRulesTest"/>
  <testcase name="SaveBusinessRules" time="6.458" classname="tests.BusinessRulesTest"/>
</testsuite> <!-- tests.BusinessRulesTest -->
