<?xml version="1.0" encoding="UTF-8"?>
<!-- Generated by org.testng.reporters.JUnitReportReporter -->
<testsuite skipped="0" hostname="EGDM1-MEMAD" name="tests.LoginTest" tests="1" failures="0" timestamp="06 Mar 2019 13:21:10 GMT" time="1.484" errors="0">
  <testcase name="CheckLogin" time="1.484" classname="tests.LoginTest"/>
</testsuite> <!-- tests.LoginTest -->
