<?xml version="1.0" encoding="UTF-8"?>
<!-- Generated by org.testng.reporters.JUnitReportReporter -->
<testsuite skipped="0" hostname="EGDM1-ABaiomy" name="tests.CRUDTest.BUSINESSPARTIESCRUDTest" tests="3" failures="0" timestamp="08 Sep 2019 09:58:35 GMT" time="56.863" errors="0">
  <testcase name="checkFilterArea" time="42.866" classname="tests.CRUDTest.BUSINESSPARTIESCRUDTest"/>
  <testcase name="checkRetrieveAllAndPaging" time="13.178" classname="tests.CRUDTest.BUSINESSPARTIESCRUDTest"/>
  <testcase name="CheckLogin" time="0.819" classname="tests.CRUDTest.BUSINESSPARTIESCRUDTest"/>
</testsuite> <!-- tests.CRUDTest.BUSINESSPARTIESCRUDTest -->
