<?xml version="1.0" encoding="UTF-8"?>
<!-- Generated by org.testng.reporters.JUnitReportReporter -->
<testsuite skipped="0" hostname="EGDM1-MEMAD" name="tests.RetailMurabahaTest" tests="5" failures="0" timestamp="17 Apr 2019 09:59:46 GMT" time="68.125" errors="0">
  <testcase name="CheckSaveRetailMurabaha" time="4.045" classname="tests.RetailMurabahaTest"/>
  <testcase name="CheckOpenRetailMurabah" time="4.061" classname="tests.RetailMurabahaTest"/>
  <testcase name="RequestForApprove" time="3.480" classname="tests.RetailMurabahaTest"/>
  <testcase name="CheckInsertAllMandatoryFields" time="54.673" classname="tests.RetailMurabahaTest"/>
  <testcase name="CheckLogin" time="1.866" classname="tests.RetailMurabahaTest"/>
</testsuite> <!-- tests.RetailMurabahaTest -->
