<?xml version="1.0" encoding="UTF-8"?>
<!-- Generated by org.testng.reporters.JUnitReportReporter -->
<testsuite skipped="0" hostname="EGDM1-ABaiomy" name="tests.CRUDTest.BanksCRUDTest" tests="6" failures="0" timestamp="03 Sep 2019 08:21:41 GMT" time="325.294" errors="0">
  <testcase name="checkUpdateTestCase" time="5.556" classname="tests.CRUDTest.BanksCRUDTest"/>
  <testcase name="CheckSaveTestCase" time="257.947" classname="tests.CRUDTest.BanksCRUDTest"/>
  <testcase name="CheckLogin" time="0.630" classname="tests.CRUDTest.BanksCRUDTest"/>
  <testcase name="checkDeleteTestCase" time="2.101" classname="tests.CRUDTest.BanksCRUDTest"/>
  <testcase name="checkFilterArea" time="56.553" classname="tests.CRUDTest.BanksCRUDTest"/>
  <testcase name="checkRetrieveAllAndPaging" time="2.507" classname="tests.CRUDTest.BanksCRUDTest"/>
</testsuite> <!-- tests.CRUDTest.BanksCRUDTest -->
