<?xml version="1.0" encoding="UTF-8"?>
<!-- Generated by org.testng.reporters.JUnitReportReporter -->
<testsuite skipped="0" hostname="MEmad" name="tests.UserRegistrationTest" tests="3" failures="0" timestamp="04 فبر 2019 21:06:11 GMT" time="23.127" errors="0">
  <testcase name="UserLogOut" time="2.966" classname="tests.UserRegistrationTest"/>
  <testcase name="UserCanLoginSuccessfully" time="7.688" classname="tests.UserRegistrationTest"/>
  <testcase name="UserCanRegisterSuccessfully" time="12.473" classname="tests.UserRegistrationTest"/>
</testsuite> <!-- tests.UserRegistrationTest -->
