<?xml version="1.0" encoding="UTF-8"?>
<!-- Generated by org.testng.reporters.JUnitReportReporter -->
<testsuite hostname="EGDM1-MEMAD" failures="0" tests="4" name="tests.MyAccountTest" time="9.891" errors="0" timestamp="11 Feb 2019 18:01:55 GMT" skipped="0">
  <testcase classname="tests.MyAccountTest" name="UserCanRegisterSuccessfully" time="3.740"/>
  <testcase classname="tests.MyAccountTest" name="ChangePasswordSuccessfully" time="2.463"/>
  <testcase classname="tests.MyAccountTest" name="UserLogOut" time="1.281"/>
  <testcase classname="tests.MyAccountTest" name="UserCanLoginSuccessfully" time="2.407"/>
</testsuite> <!-- tests.MyAccountTest -->
