<?xml version="1.0" encoding="UTF-8"?>
<!-- Generated by org.testng.reporters.JUnitReportReporter -->
<testsuite skipped="0" hostname="EGDM1-AMounir" name="tests.RetailMurabahaTestCRUD" tests="1" failures="0" timestamp="26 Mar 2019 10:17:54 GMT" time="0.942" errors="0">
  <testcase name="CheckLogin" time="0.942" classname="tests.RetailMurabahaTestCRUD"/>
</testsuite> <!-- tests.RetailMurabahaTestCRUD -->
