<?xml version="1.0" encoding="UTF-8"?>
<!-- Generated by org.testng.reporters.JUnitReportReporter -->
<testsuite skipped="0" hostname="EGDM1-AMounir" name="tests.CRUDTest.AnnualIncomeCRUDTest" tests="5" failures="0" timestamp="29 Aug 2019 09:16:23 GMT" time="65.221" errors="0">
  <testcase name="CheckSaveTestCase" time="22.115" classname="tests.CRUDTest.AnnualIncomeCRUDTest"/>
  <testcase name="checkUpdateTestCase" time="10.514" classname="tests.CRUDTest.AnnualIncomeCRUDTest"/>
  <testcase name="checkFilterArea" time="27.932" classname="tests.CRUDTest.AnnualIncomeCRUDTest"/>
  <testcase name="checkRetrieveAllAndPaging" time="2.580" classname="tests.CRUDTest.AnnualIncomeCRUDTest"/>
  <testcase name="checkDeleteTestCase" time="2.080" classname="tests.CRUDTest.AnnualIncomeCRUDTest"/>
</testsuite> <!-- tests.CRUDTest.AnnualIncomeCRUDTest -->
