<?xml version="1.0" encoding="UTF-8"?>
<!-- Generated by org.testng.reporters.JUnitReportReporter -->
<testsuite skipped="0" hostname="EGDM1-ABaiomy" name="tests.CRUDTest.ProjectsCRUDTest" tests="6" failures="0" timestamp="11 Sep 2019 10:19:44 GMT" time="168.914" errors="0">
  <testcase name="CheckSaveTestCase" time="131.126" classname="tests.CRUDTest.ProjectsCRUDTest"/>
  <testcase name="checkUpdateTestCase" time="5.375" classname="tests.CRUDTest.ProjectsCRUDTest"/>
  <testcase name="CheckLogin" time="0.657" classname="tests.CRUDTest.ProjectsCRUDTest"/>
  <testcase name="checkDeleteTestCase" time="2.092" classname="tests.CRUDTest.ProjectsCRUDTest"/>
  <testcase name="checkFilterArea" time="27.251" classname="tests.CRUDTest.ProjectsCRUDTest"/>
  <testcase name="checkRetrieveAllAndPaging" time="2.413" classname="tests.CRUDTest.ProjectsCRUDTest"/>
</testsuite> <!-- tests.CRUDTest.ProjectsCRUDTest -->
