<?xml version="1.0" encoding="UTF-8"?>
<!-- Generated by org.testng.reporters.JUnitReportReporter -->
<testsuite skipped="0" hostname="EGDM1-AMounir" name="tests.ProductSetupAfterRepPlan" tests="3" failures="0" timestamp="09 Jul 2019 12:11:21 GMT" time="84.400" errors="0">
  <testcase name="FillData" time="73.451" classname="tests.ProductSetupAfterRepPlan"/>
  <testcase name="SaveProductSetup" time="5.489" classname="tests.ProductSetupAfterRepPlan"/>
  <testcase name="PostButton" time="5.460" classname="tests.ProductSetupAfterRepPlan"/>
</testsuite> <!-- tests.ProductSetupAfterRepPlan -->
