<?xml version="1.0" encoding="UTF-8"?>
<!-- Generated by org.testng.reporters.JUnitReportReporter -->
<testsuite skipped="3" hostname="EGDM1-ABaiomy" name="tests.RetailMurabahaTest" tests="3" failures="0" timestamp="25 Mar 2019 14:51:37 GMT" time="0.000" errors="0">
  <testcase name="CheckInsertAllMandatoryFields" time="0.000" classname="tests.RetailMurabahaTest">
    <skipped/>
  </testcase> <!-- CheckInsertAllMandatoryFields -->
  <testcase name="CheckOpenRetailMurabah" time="0.000" classname="tests.RetailMurabahaTest">
    <skipped/>
  </testcase> <!-- CheckOpenRetailMurabah -->
  <testcase name="CheckSaveRetailMurabaha" time="0.000" classname="tests.RetailMurabahaTest">
    <skipped/>
  </testcase> <!-- CheckSaveRetailMurabaha -->
</testsuite> <!-- tests.RetailMurabahaTest -->
