<?xml version="1.0" encoding="UTF-8"?>
<!-- Generated by org.testng.reporters.JUnitReportReporter -->
<testsuite skipped="0" hostname="EGDM1-ABaiomy" name="tests.ProductSetupTest" tests="4" failures="0" timestamp="09 Apr 2019 09:48:14 GMT" time="212.880" errors="0">
  <testcase name="FillData" time="201.254" classname="tests.ProductSetupTest"/>
  <testcase name="PostButton" time="5.517" classname="tests.ProductSetupTest"/>
  <testcase name="SaveProductSetup" time="5.464" classname="tests.ProductSetupTest"/>
  <testcase name="CheckLogin" time="0.645" classname="tests.ProductSetupTest"/>
</testsuite> <!-- tests.ProductSetupTest -->
