<?xml version="1.0" encoding="UTF-8"?>
<!-- Generated by org.testng.reporters.JUnitReportReporter -->
<testsuite skipped="0" hostname="EGDM1-AMounir" name="tests.ProductSetupAfterRepPlan" tests="3" failures="0" timestamp="11 Jun 2019 07:16:37 GMT" time="80.843" errors="0">
  <testcase name="PostButton" time="5.486" classname="tests.ProductSetupAfterRepPlan"/>
  <testcase name="SaveProductSetup" time="5.532" classname="tests.ProductSetupAfterRepPlan"/>
  <testcase name="FillData" time="69.825" classname="tests.ProductSetupAfterRepPlan"/>
</testsuite> <!-- tests.ProductSetupAfterRepPlan -->
